2022-06-17 22:44:40.171  INFO 18748 --- [restartedMain] c.n.m.MinhasfinancasApplication          : Starting MinhasfinancasApplication on MBP-de-Gabriel.lan with PID 18748 (started by neon in /Users/neon/Desktop/projeto angelo/backend)
2022-06-17 22:44:40.177  INFO 18748 --- [restartedMain] c.n.m.MinhasfinancasApplication          : No active profile set, falling back to default profiles: default
2022-06-17 22:44:40.257  INFO 18748 --- [restartedMain] o.s.b.devtools.restart.ChangeableUrls    : The Class-Path manifest attribute in /Users/neon/.m2/repository/org/glassfish/jaxb/jaxb-runtime/2.3.2/jaxb-runtime-2.3.2.jar referenced one or more files that do not exist: file:/Users/neon/.m2/repository/org/glassfish/jaxb/jaxb-runtime/2.3.2/jakarta.xml.bind-api-2.3.2.jar,file:/Users/neon/.m2/repository/org/glassfish/jaxb/jaxb-runtime/2.3.2/txw2-2.3.2.jar,file:/Users/neon/.m2/repository/org/glassfish/jaxb/jaxb-runtime/2.3.2/istack-commons-runtime-3.0.8.jar,file:/Users/neon/.m2/repository/org/glassfish/jaxb/jaxb-runtime/2.3.2/stax-ex-1.8.1.jar,file:/Users/neon/.m2/repository/org/glassfish/jaxb/jaxb-runtime/2.3.2/FastInfoset-1.2.16.jar,file:/Users/neon/.m2/repository/org/glassfish/jaxb/jaxb-runtime/2.3.2/jakarta.activation-api-1.2.1.jar
2022-06-17 22:44:40.258  INFO 18748 --- [restartedMain] .e.DevToolsPropertyDefaultsPostProcessor : Devtools property defaults active! Set 'spring.devtools.add-properties' to 'false' to disable
2022-06-17 22:44:40.258  INFO 18748 --- [restartedMain] .e.DevToolsPropertyDefaultsPostProcessor : For additional web related logging consider setting the 'logging.level.web' property to 'DEBUG'
2022-06-17 22:44:41.620  INFO 18748 --- [restartedMain] .s.d.r.c.RepositoryConfigurationDelegate : Bootstrapping Spring Data JPA repositories in DEFAULT mode.
2022-06-17 22:44:41.756  INFO 18748 --- [restartedMain] .s.d.r.c.RepositoryConfigurationDelegate : Finished Spring Data repository scanning in 118ms. Found 2 JPA repository interfaces.
2022-06-17 22:44:42.314  INFO 18748 --- [restartedMain] trationDelegate$BeanPostProcessorChecker : Bean 'org.springframework.transaction.annotation.ProxyTransactionManagementConfiguration' of type [org.springframework.transaction.annotation.ProxyTransactionManagementConfiguration] is not eligible for getting processed by all BeanPostProcessors (for example: not eligible for auto-proxying)
2022-06-17 22:44:42.720  INFO 18748 --- [restartedMain] o.s.b.w.embedded.tomcat.TomcatWebServer  : Tomcat initialized with port(s): 8080 (http)
2022-06-17 22:44:42.734  INFO 18748 --- [restartedMain] o.apache.catalina.core.StandardService   : Starting service [Tomcat]
2022-06-17 22:44:42.734  INFO 18748 --- [restartedMain] org.apache.catalina.core.StandardEngine  : Starting Servlet engine: [Apache Tomcat/9.0.29]
2022-06-17 22:44:42.878  INFO 18748 --- [restartedMain] o.a.c.c.C.[Tomcat].[localhost].[/]       : Initializing Spring embedded WebApplicationContext
2022-06-17 22:44:42.879  INFO 18748 --- [restartedMain] o.s.web.context.ContextLoader            : Root WebApplicationContext: initialization completed in 2621 ms
2022-06-17 22:44:42.925  WARN 18748 --- [restartedMain] JpaBaseConfiguration$JpaWebConfiguration : spring.jpa.open-in-view is enabled by default. Therefore, database queries may be performed during view rendering. Explicitly configure spring.jpa.open-in-view to disable this warning
2022-06-17 22:44:43.063  INFO 18748 --- [restartedMain] com.zaxxer.hikari.HikariDataSource       : HikariPool-1 - Starting...
2022-06-17 22:44:43.288  INFO 18748 --- [restartedMain] com.zaxxer.hikari.HikariDataSource       : HikariPool-1 - Start completed.
2022-06-17 22:44:43.360  INFO 18748 --- [restartedMain] o.hibernate.jpa.internal.util.LogHelper  : HHH000204: Processing PersistenceUnitInfo [name: default]
2022-06-17 22:44:43.489  INFO 18748 --- [restartedMain] org.hibernate.Version                    : HHH000412: Hibernate Core {5.4.9.Final}
2022-06-17 22:44:43.732  INFO 18748 --- [restartedMain] o.hibernate.annotations.common.Version   : HCANN000001: Hibernate Commons Annotations {5.1.0.Final}
2022-06-17 22:44:43.959  INFO 18748 --- [restartedMain] org.hibernate.dialect.Dialect            : HHH000400: Using dialect: org.hibernate.dialect.PostgreSQL10Dialect
2022-06-17 22:44:45.188  INFO 18748 --- [restartedMain] o.h.e.t.j.p.i.JtaPlatformInitiator       : HHH000490: Using JtaPlatform implementation: [org.hibernate.engine.transaction.jta.platform.internal.NoJtaPlatform]
2022-06-17 22:44:45.199  INFO 18748 --- [restartedMain] j.LocalContainerEntityManagerFactoryBean : Initialized JPA EntityManagerFactory for persistence unit 'default'
2022-06-17 22:44:45.926  INFO 18748 --- [restartedMain] o.s.b.a.h2.H2ConsoleAutoConfiguration    : H2 console available at '/h2-console'. Database available at 'jdbc:postgresql://localhost:5432/minhasfinancas'
2022-06-17 22:44:46.596  INFO 18748 --- [restartedMain] o.s.s.web.DefaultSecurityFilterChain     : Creating filter chain: any request, [org.springframework.security.web.context.request.async.WebAsyncManagerIntegrationFilter@18b9f91d, org.springframework.security.web.context.SecurityContextPersistenceFilter@65ed5ca1, org.springframework.security.web.header.HeaderWriterFilter@11655c56, org.springframework.security.web.authentication.logout.LogoutFilter@1e714a1, com.neon.minhasfinancas.api.JwtTokenFilter@75259d49, org.springframework.security.web.savedrequest.RequestCacheAwareFilter@156223ea, org.springframework.security.web.servletapi.SecurityContextHolderAwareRequestFilter@31065383, org.springframework.security.web.authentication.AnonymousAuthenticationFilter@591b5413, org.springframework.security.web.session.SessionManagementFilter@35df5f2a, org.springframework.security.web.access.ExceptionTranslationFilter@14f870a1, org.springframework.security.web.access.intercept.FilterSecurityInterceptor@4c5ed948]
2022-06-17 22:44:47.079  INFO 18748 --- [restartedMain] o.s.b.d.a.OptionalLiveReloadServer       : LiveReload server is running on port 35729
2022-06-17 22:44:47.083  INFO 18748 --- [restartedMain] o.s.b.a.e.web.EndpointLinksResolver      : Exposing 14 endpoint(s) beneath base path '/actuator'
2022-06-17 22:44:47.156  INFO 18748 --- [restartedMain] o.s.b.w.embedded.tomcat.TomcatWebServer  : Tomcat started on port(s): 8080 (http) with context path ''
2022-06-17 22:44:47.161  INFO 18748 --- [restartedMain] c.n.m.MinhasfinancasApplication          : Started MinhasfinancasApplication in 7.63 seconds (JVM running for 9.42)
2022-06-17 22:47:59.607  INFO 18748 --- [http-nio-8080-exec-1] o.a.c.c.C.[Tomcat].[localhost].[/]       : Initializing Spring DispatcherServlet 'dispatcherServlet'
2022-06-17 22:47:59.608  INFO 18748 --- [http-nio-8080-exec-1] o.s.web.servlet.DispatcherServlet        : Initializing Servlet 'dispatcherServlet'
2022-06-17 22:47:59.621  INFO 18748 --- [http-nio-8080-exec-1] o.s.web.servlet.DispatcherServlet        : Completed initialization in 13 ms
2022-06-17 22:51:29.534  INFO 18748 --- [SpringContextShutdownHook] j.LocalContainerEntityManagerFactoryBean : Closing JPA EntityManagerFactory for persistence unit 'default'
2022-06-17 22:51:29.543  INFO 18748 --- [SpringContextShutdownHook] com.zaxxer.hikari.HikariDataSource       : HikariPool-1 - Shutdown initiated...
2022-06-17 22:51:29.548  INFO 18748 --- [SpringContextShutdownHook] com.zaxxer.hikari.HikariDataSource       : HikariPool-1 - Shutdown completed.
2022-06-17 22:54:56.607  INFO 19899 --- [restartedMain] c.n.m.MinhasfinancasApplication          : Starting MinhasfinancasApplication on MBP-de-Gabriel.lan with PID 19899 (started by neon in /Users/neon/Desktop/projeto angelo/backend/minhasfinancas-api)
2022-06-17 22:54:56.613  INFO 19899 --- [restartedMain] c.n.m.MinhasfinancasApplication          : No active profile set, falling back to default profiles: default
2022-06-17 22:54:56.711  INFO 19899 --- [restartedMain] o.s.b.devtools.restart.ChangeableUrls    : The Class-Path manifest attribute in /Users/neon/.m2/repository/org/glassfish/jaxb/jaxb-runtime/2.3.2/jaxb-runtime-2.3.2.jar referenced one or more files that do not exist: file:/Users/neon/.m2/repository/org/glassfish/jaxb/jaxb-runtime/2.3.2/jakarta.xml.bind-api-2.3.2.jar,file:/Users/neon/.m2/repository/org/glassfish/jaxb/jaxb-runtime/2.3.2/txw2-2.3.2.jar,file:/Users/neon/.m2/repository/org/glassfish/jaxb/jaxb-runtime/2.3.2/istack-commons-runtime-3.0.8.jar,file:/Users/neon/.m2/repository/org/glassfish/jaxb/jaxb-runtime/2.3.2/stax-ex-1.8.1.jar,file:/Users/neon/.m2/repository/org/glassfish/jaxb/jaxb-runtime/2.3.2/FastInfoset-1.2.16.jar,file:/Users/neon/.m2/repository/org/glassfish/jaxb/jaxb-runtime/2.3.2/jakarta.activation-api-1.2.1.jar
2022-06-17 22:54:56.712  INFO 19899 --- [restartedMain] .e.DevToolsPropertyDefaultsPostProcessor : Devtools property defaults active! Set 'spring.devtools.add-properties' to 'false' to disable
2022-06-17 22:54:56.713  INFO 19899 --- [restartedMain] .e.DevToolsPropertyDefaultsPostProcessor : For additional web related logging consider setting the 'logging.level.web' property to 'DEBUG'
2022-06-17 22:54:58.419  INFO 19899 --- [restartedMain] .s.d.r.c.RepositoryConfigurationDelegate : Bootstrapping Spring Data JPA repositories in DEFAULT mode.
2022-06-17 22:54:58.645  INFO 19899 --- [restartedMain] .s.d.r.c.RepositoryConfigurationDelegate : Finished Spring Data repository scanning in 201ms. Found 2 JPA repository interfaces.
2022-06-17 22:54:59.321  INFO 19899 --- [restartedMain] trationDelegate$BeanPostProcessorChecker : Bean 'org.springframework.transaction.annotation.ProxyTransactionManagementConfiguration' of type [org.springframework.transaction.annotation.ProxyTransactionManagementConfiguration] is not eligible for getting processed by all BeanPostProcessors (for example: not eligible for auto-proxying)
2022-06-17 22:54:59.775  INFO 19899 --- [restartedMain] o.s.b.w.embedded.tomcat.TomcatWebServer  : Tomcat initialized with port(s): 8080 (http)
2022-06-17 22:54:59.791  INFO 19899 --- [restartedMain] o.apache.catalina.core.StandardService   : Starting service [Tomcat]
2022-06-17 22:54:59.792  INFO 19899 --- [restartedMain] org.apache.catalina.core.StandardEngine  : Starting Servlet engine: [Apache Tomcat/9.0.29]
2022-06-17 22:54:59.887  INFO 19899 --- [restartedMain] o.a.c.c.C.[Tomcat].[localhost].[/]       : Initializing Spring embedded WebApplicationContext
2022-06-17 22:54:59.888  INFO 19899 --- [restartedMain] o.s.web.context.ContextLoader            : Root WebApplicationContext: initialization completed in 3174 ms
2022-06-17 22:54:59.927  WARN 19899 --- [restartedMain] JpaBaseConfiguration$JpaWebConfiguration : spring.jpa.open-in-view is enabled by default. Therefore, database queries may be performed during view rendering. Explicitly configure spring.jpa.open-in-view to disable this warning
2022-06-17 22:55:00.073  INFO 19899 --- [restartedMain] com.zaxxer.hikari.HikariDataSource       : HikariPool-1 - Starting...
2022-06-17 22:55:00.564  INFO 19899 --- [restartedMain] com.zaxxer.hikari.HikariDataSource       : HikariPool-1 - Start completed.
2022-06-17 22:55:00.641  INFO 19899 --- [restartedMain] o.hibernate.jpa.internal.util.LogHelper  : HHH000204: Processing PersistenceUnitInfo [name: default]
2022-06-17 22:55:00.819  INFO 19899 --- [restartedMain] org.hibernate.Version                    : HHH000412: Hibernate Core {5.4.9.Final}
2022-06-17 22:55:01.188  INFO 19899 --- [restartedMain] o.hibernate.annotations.common.Version   : HCANN000001: Hibernate Commons Annotations {5.1.0.Final}
2022-06-17 22:55:01.473  INFO 19899 --- [restartedMain] org.hibernate.dialect.Dialect            : HHH000400: Using dialect: org.hibernate.dialect.PostgreSQL10Dialect
2022-06-17 22:55:03.711  INFO 19899 --- [restartedMain] o.h.e.t.j.p.i.JtaPlatformInitiator       : HHH000490: Using JtaPlatform implementation: [org.hibernate.engine.transaction.jta.platform.internal.NoJtaPlatform]
2022-06-17 22:55:03.728  INFO 19899 --- [restartedMain] j.LocalContainerEntityManagerFactoryBean : Initialized JPA EntityManagerFactory for persistence unit 'default'
2022-06-17 22:55:05.177  INFO 19899 --- [restartedMain] o.s.b.a.h2.H2ConsoleAutoConfiguration    : H2 console available at '/h2-console'. Database available at 'jdbc:postgresql://localhost:5432/minhasfinancas'
2022-06-17 22:55:06.699  INFO 19899 --- [restartedMain] o.s.s.web.DefaultSecurityFilterChain     : Creating filter chain: any request, [org.springframework.security.web.context.request.async.WebAsyncManagerIntegrationFilter@41432fad, org.springframework.security.web.context.SecurityContextPersistenceFilter@38e16617, org.springframework.security.web.header.HeaderWriterFilter@6be3fc88, org.springframework.security.web.authentication.logout.LogoutFilter@3a662327, com.neon.minhasfinancas.api.JwtTokenFilter@7c4bc375, org.springframework.security.web.savedrequest.RequestCacheAwareFilter@435ad440, org.springframework.security.web.servletapi.SecurityContextHolderAwareRequestFilter@1d5256b8, org.springframework.security.web.authentication.AnonymousAuthenticationFilter@4da5f7ab, org.springframework.security.web.session.SessionManagementFilter@60b7f435, org.springframework.security.web.access.ExceptionTranslationFilter@7874d169, org.springframework.security.web.access.intercept.FilterSecurityInterceptor@6d9f4009]
2022-06-17 22:55:07.579  INFO 19899 --- [restartedMain] o.s.b.d.a.OptionalLiveReloadServer       : LiveReload server is running on port 35729
2022-06-17 22:55:07.588  INFO 19899 --- [restartedMain] o.s.b.a.e.web.EndpointLinksResolver      : Exposing 14 endpoint(s) beneath base path '/actuator'
2022-06-17 22:55:07.698  INFO 19899 --- [restartedMain] o.s.b.w.embedded.tomcat.TomcatWebServer  : Tomcat started on port(s): 8080 (http) with context path ''
2022-06-17 22:55:07.704  INFO 19899 --- [restartedMain] c.n.m.MinhasfinancasApplication          : Started MinhasfinancasApplication in 11.786 seconds (JVM running for 12.726)
2022-06-17 23:04:13.304  INFO 19899 --- [SpringContextShutdownHook] j.LocalContainerEntityManagerFactoryBean : Closing JPA EntityManagerFactory for persistence unit 'default'
2022-06-17 23:04:13.311  INFO 19899 --- [SpringContextShutdownHook] com.zaxxer.hikari.HikariDataSource       : HikariPool-1 - Shutdown initiated...
2022-06-17 23:04:13.319  INFO 19899 --- [SpringContextShutdownHook] com.zaxxer.hikari.HikariDataSource       : HikariPool-1 - Shutdown completed.
2022-06-17 23:05:01.247  INFO 21494 --- [restartedMain] c.n.m.MinhasfinancasApplication          : Starting MinhasfinancasApplication on MBP-de-Gabriel.lan with PID 21494 (started by neon in /Users/neon/Desktop/projeto angelo/backend/minhasfinancas-api)
2022-06-17 23:05:01.254  INFO 21494 --- [restartedMain] c.n.m.MinhasfinancasApplication          : No active profile set, falling back to default profiles: default
2022-06-17 23:05:01.380  INFO 21494 --- [restartedMain] o.s.b.devtools.restart.ChangeableUrls    : The Class-Path manifest attribute in /Users/neon/.m2/repository/org/glassfish/jaxb/jaxb-runtime/2.3.2/jaxb-runtime-2.3.2.jar referenced one or more files that do not exist: file:/Users/neon/.m2/repository/org/glassfish/jaxb/jaxb-runtime/2.3.2/jakarta.xml.bind-api-2.3.2.jar,file:/Users/neon/.m2/repository/org/glassfish/jaxb/jaxb-runtime/2.3.2/txw2-2.3.2.jar,file:/Users/neon/.m2/repository/org/glassfish/jaxb/jaxb-runtime/2.3.2/istack-commons-runtime-3.0.8.jar,file:/Users/neon/.m2/repository/org/glassfish/jaxb/jaxb-runtime/2.3.2/stax-ex-1.8.1.jar,file:/Users/neon/.m2/repository/org/glassfish/jaxb/jaxb-runtime/2.3.2/FastInfoset-1.2.16.jar,file:/Users/neon/.m2/repository/org/glassfish/jaxb/jaxb-runtime/2.3.2/jakarta.activation-api-1.2.1.jar
2022-06-17 23:05:01.386  INFO 21494 --- [restartedMain] .e.DevToolsPropertyDefaultsPostProcessor : Devtools property defaults active! Set 'spring.devtools.add-properties' to 'false' to disable
2022-06-17 23:05:01.387  INFO 21494 --- [restartedMain] .e.DevToolsPropertyDefaultsPostProcessor : For additional web related logging consider setting the 'logging.level.web' property to 'DEBUG'
2022-06-17 23:05:03.602  INFO 21494 --- [restartedMain] .s.d.r.c.RepositoryConfigurationDelegate : Bootstrapping Spring Data JPA repositories in DEFAULT mode.
2022-06-17 23:05:03.742  INFO 21494 --- [restartedMain] .s.d.r.c.RepositoryConfigurationDelegate : Finished Spring Data repository scanning in 120ms. Found 2 JPA repository interfaces.
2022-06-17 23:05:04.699  INFO 21494 --- [restartedMain] trationDelegate$BeanPostProcessorChecker : Bean 'org.springframework.transaction.annotation.ProxyTransactionManagementConfiguration' of type [org.springframework.transaction.annotation.ProxyTransactionManagementConfiguration] is not eligible for getting processed by all BeanPostProcessors (for example: not eligible for auto-proxying)
2022-06-17 23:05:05.280  INFO 21494 --- [restartedMain] o.s.b.w.embedded.tomcat.TomcatWebServer  : Tomcat initialized with port(s): 8080 (http)
2022-06-17 23:05:05.299  INFO 21494 --- [restartedMain] o.apache.catalina.core.StandardService   : Starting service [Tomcat]
2022-06-17 23:05:05.299  INFO 21494 --- [restartedMain] org.apache.catalina.core.StandardEngine  : Starting Servlet engine: [Apache Tomcat/9.0.29]
2022-06-17 23:05:05.432  INFO 21494 --- [restartedMain] o.a.c.c.C.[Tomcat].[localhost].[/]       : Initializing Spring embedded WebApplicationContext
2022-06-17 23:05:05.432  INFO 21494 --- [restartedMain] o.s.web.context.ContextLoader            : Root WebApplicationContext: initialization completed in 4044 ms
2022-06-17 23:05:05.500  WARN 21494 --- [restartedMain] JpaBaseConfiguration$JpaWebConfiguration : spring.jpa.open-in-view is enabled by default. Therefore, database queries may be performed during view rendering. Explicitly configure spring.jpa.open-in-view to disable this warning
2022-06-17 23:05:05.664  INFO 21494 --- [restartedMain] com.zaxxer.hikari.HikariDataSource       : HikariPool-1 - Starting...
2022-06-17 23:05:05.962  INFO 21494 --- [restartedMain] com.zaxxer.hikari.HikariDataSource       : HikariPool-1 - Start completed.
2022-06-17 23:05:06.050  INFO 21494 --- [restartedMain] o.hibernate.jpa.internal.util.LogHelper  : HHH000204: Processing PersistenceUnitInfo [name: default]
2022-06-17 23:05:06.201  INFO 21494 --- [restartedMain] org.hibernate.Version                    : HHH000412: Hibernate Core {5.4.9.Final}
2022-06-17 23:05:06.497  INFO 21494 --- [restartedMain] o.hibernate.annotations.common.Version   : HCANN000001: Hibernate Commons Annotations {5.1.0.Final}
2022-06-17 23:05:06.730  INFO 21494 --- [restartedMain] org.hibernate.dialect.Dialect            : HHH000400: Using dialect: org.hibernate.dialect.PostgreSQL10Dialect
2022-06-17 23:05:08.078  INFO 21494 --- [restartedMain] o.h.e.t.j.p.i.JtaPlatformInitiator       : HHH000490: Using JtaPlatform implementation: [org.hibernate.engine.transaction.jta.platform.internal.NoJtaPlatform]
2022-06-17 23:05:08.094  INFO 21494 --- [restartedMain] j.LocalContainerEntityManagerFactoryBean : Initialized JPA EntityManagerFactory for persistence unit 'default'
2022-06-17 23:05:08.869  INFO 21494 --- [restartedMain] o.s.b.a.h2.H2ConsoleAutoConfiguration    : H2 console available at '/h2-console'. Database available at 'jdbc:postgresql://localhost:5432/minhasfinancas'
2022-06-17 23:05:09.673  INFO 21494 --- [restartedMain] o.s.s.web.DefaultSecurityFilterChain     : Creating filter chain: any request, [org.springframework.security.web.context.request.async.WebAsyncManagerIntegrationFilter@61fd4d00, org.springframework.security.web.context.SecurityContextPersistenceFilter@2f0b88e4, org.springframework.security.web.header.HeaderWriterFilter@565e4721, org.springframework.security.web.authentication.logout.LogoutFilter@30380ee, com.neon.minhasfinancas.api.JwtTokenFilter@f4c31cd, org.springframework.security.web.savedrequest.RequestCacheAwareFilter@267995c9, org.springframework.security.web.servletapi.SecurityContextHolderAwareRequestFilter@39b1fb35, org.springframework.security.web.authentication.AnonymousAuthenticationFilter@2d5fe3a9, org.springframework.security.web.session.SessionManagementFilter@5ba8d96d, org.springframework.security.web.access.ExceptionTranslationFilter@5f06612a, org.springframework.security.web.access.intercept.FilterSecurityInterceptor@3cde79fd]
2022-06-17 23:05:10.288  INFO 21494 --- [restartedMain] o.s.b.d.a.OptionalLiveReloadServer       : LiveReload server is running on port 35729
2022-06-17 23:05:10.296  INFO 21494 --- [restartedMain] o.s.b.a.e.web.EndpointLinksResolver      : Exposing 14 endpoint(s) beneath base path '/actuator'
2022-06-17 23:05:10.384  INFO 21494 --- [restartedMain] o.s.b.w.embedded.tomcat.TomcatWebServer  : Tomcat started on port(s): 8080 (http) with context path ''
2022-06-17 23:05:10.389  INFO 21494 --- [restartedMain] c.n.m.MinhasfinancasApplication          : Started MinhasfinancasApplication in 9.922 seconds (JVM running for 11.293)
2022-06-17 23:09:36.186  INFO 21494 --- [http-nio-8080-exec-1] o.a.c.c.C.[Tomcat].[localhost].[/]       : Initializing Spring DispatcherServlet 'dispatcherServlet'
2022-06-17 23:09:36.186  INFO 21494 --- [http-nio-8080-exec-1] o.s.web.servlet.DispatcherServlet        : Initializing Servlet 'dispatcherServlet'
2022-06-17 23:09:36.201  INFO 21494 --- [http-nio-8080-exec-1] o.s.web.servlet.DispatcherServlet        : Completed initialization in 14 ms
2022-06-17 23:14:11.606  INFO 21494 --- [SpringContextShutdownHook] j.LocalContainerEntityManagerFactoryBean : Closing JPA EntityManagerFactory for persistence unit 'default'
2022-06-17 23:14:11.615  INFO 21494 --- [SpringContextShutdownHook] com.zaxxer.hikari.HikariDataSource       : HikariPool-1 - Shutdown initiated...
2022-06-17 23:14:11.621  INFO 21494 --- [SpringContextShutdownHook] com.zaxxer.hikari.HikariDataSource       : HikariPool-1 - Shutdown completed.
